<?xml version="1.0" encoding="UTF-8"?>
<testsuite xmlns:xsi="http://www.w3.org/2001/XMLSchema-instance" xsi:noNamespaceSchemaLocation="https://maven.apache.org/surefire/maven-surefire-plugin/xsd/surefire-test-report.xsd" version="3.0.2" name="tn.SoftCare.User.controller.AuthControllerTest" time="5.192" tests="2" errors="0" skipped="0" failures="0">
  <properties>
[...]
</properties>
  <testcase name="loginShouldReturnUserAndSetSessionCookie" classname="tn.SoftCare.User.controller.AuthControllerTest" time="0.342">
    <system-out><![CDATA[13:23:20.337 [main] INFO org.springframework.test.context.support.AnnotationConfigContextLoaderUtils -- Could not detect default configuration classes for test class [tn.SoftCare.User.controller.AuthControllerTest]: AuthControllerTest does not declare any static, non-private, non-final, nested classes annotated with @Configuration.
13:23:20.539 [main] INFO org.springframework.boot.test.context.SpringBootTestContextBootstrapper -- Found @SpringBootConfiguration tn.SoftCare.User.UserApplication for test class tn.SoftCare.User.controller.AuthControllerTest

  .   ____          _            __ _ _
 /\\ / ___'_ __ _ _(_)_ __  __ _ \ \ \ \
( ( )\___ | '_ | '_| | '_ \/ _` | \ \ \ \
 \\/  ___)| |_)| | | | | || (_| |  ) ) ) )
  '  |____| .__|_| |_|_| |_\__, | / / / /
 =========|_|==============|___/=/_/_/_/

 :: Spring Boot ::                (v4.0.2)

2026-04-16T13:23:22.355+01:00  INFO 17272 --- [User-Service] [           main] t.S.User.controller.AuthControllerTest   : Starting AuthControllerTest using Java 23.0.2 with PID 17272 (started by user in D:\Downloads\Fakarni_App\Fakarni_App\backend\User-Service)
2026-04-16T13:23:22.358+01:00  INFO 17272 --- [User-Service] [           main] t.S.User.controller.AuthControllerTest   : No active profile set, falling back to 1 default profile: "default"
2026-04-16T13:23:24.891+01:00  INFO 17272 --- [User-Service] [           main] o.s.b.t.m.w.SpringBootMockServletContext : Initializing Spring TestDispatcherServlet ''
2026-04-16T13:23:24.892+01:00  INFO 17272 --- [User-Service] [           main] o.s.t.web.servlet.TestDispatcherServlet  : Initializing Servlet ''
2026-04-16T13:23:24.896+01:00  INFO 17272 --- [User-Service] [           main] o.s.t.web.servlet.TestDispatcherServlet  : Completed initialization in 3 ms
2026-04-16T13:23:24.931+01:00  INFO 17272 --- [User-Service] [           main] t.S.User.controller.AuthControllerTest   : Started AuthControllerTest in 4.119 seconds (process running for 5.746)
]]></system-out>
    <system-err><![CDATA[Mockito is currently self-attaching to enable the inline-mock-maker. This will no longer work in future releases of the JDK. Please add Mockito as an agent to your build as described in Mockito's documentation: https://javadoc.io/doc/org.mockito/mockito-core/latest/org.mockito/org/mockito/Mockito.html#0.3
WARNING: A Java agent has been loaded dynamically (C:\Users\user\.m2\repository\net\bytebuddy\byte-buddy-agent\1.17.8\byte-buddy-agent-1.17.8.jar)
WARNING: If a serviceability tool is in use, please run with -XX:+EnableDynamicAgentLoading to hide this warning
WARNING: If a serviceability tool is not in use, please run with -Djdk.instrument.traceUsage for more information
WARNING: Dynamic loading of agents will be disallowed by default in a future release
]]></system-err>
  </testcase>
  <testcase name="logoutShouldRevokeSessionAndClearCookie" classname="tn.SoftCare.User.controller.AuthControllerTest" time="0.023"/>
</testsuite>