<?xml version="1.0" encoding="UTF-8"?>
<testsuite xmlns:xsi="http://www.w3.org/2001/XMLSchema-instance" xsi:noNamespaceSchemaLocation="https://maven.apache.org/surefire/maven-surefire-plugin/xsd/surefire-test-report.xsd" version="3.0.2" name="tn.SoftCare.User.UserApplicationTests" time="9.901" tests="1" errors="0" skipped="0" failures="0">
  <properties>
[...]
</properties>
  <testcase name="contextLoads" classname="tn.SoftCare.User.UserApplicationTests" time="0.033">
    <system-out><![CDATA[2026-04-16T12:07:27.380+01:00  INFO 4028 --- [User-Service] [           main] t.c.s.AnnotationConfigContextLoaderUtils : Could not detect default configuration classes for test class [tn.SoftCare.User.UserApplicationTests]: UserApplicationTests does not declare any static, non-private, non-final, nested classes annotated with @Configuration.
2026-04-16T12:07:27.393+01:00  INFO 4028 --- [User-Service] [           main] .b.t.c.SpringBootTestContextBootstrapper : Found @SpringBootConfiguration tn.SoftCare.User.UserApplication for test class tn.SoftCare.User.UserApplicationTests

  .   ____          _            __ _ _
 /\\ / ___'_ __ _ _(_)_ __  __ _ \ \ \ \
( ( )\___ | '_ | '_| | '_ \/ _` | \ \ \ \
 \\/  ___)| |_)| | | | | || (_| |  ) ) ) )
  '  |____| .__|_| |_|_| |_\__, | / / / /
 =========|_|==============|___/=/_/_/_/

 :: Spring Boot ::                (v4.0.2)

2026-04-16T12:07:28.464+01:00  INFO 4028 --- [User-Service] [           main] tn.SoftCare.User.UserApplicationTests    : Starting UserApplicationTests using Java 23.0.2 with PID 4028 (started by user in D:\Downloads\Fakarni_App\Fakarni_App\backend\User-Service)
2026-04-16T12:07:28.465+01:00  INFO 4028 --- [User-Service] [           main] tn.SoftCare.User.UserApplicationTests    : No active profile set, falling back to 1 default profile: "default"
2026-04-16T12:07:29.978+01:00  INFO 4028 --- [User-Service] [           main] .s.d.r.c.RepositoryConfigurationDelegate : Bootstrapping Spring Data MongoDB repositories in DEFAULT mode.
2026-04-16T12:07:30.096+01:00  INFO 4028 --- [User-Service] [           main] .s.d.r.c.RepositoryConfigurationDelegate : Finished Spring Data repository scanning in 91 ms. Found 3 MongoDB repository interfaces.
2026-04-16T12:07:30.804+01:00  INFO 4028 --- [User-Service] [           main] o.s.cloud.context.scope.GenericScope     : BeanFactory id=272fadd4-4150-345e-8a7d-4f17c3a5a642
2026-04-16T12:07:31.546+01:00  INFO 4028 --- [User-Service] [           main] org.mongodb.driver.client                : MongoClient with metadata {"driver": {"name": "mongo-java-driver|spring-boot|sync", "version": "5.6.2"}, "os": {"type": "Windows", "name": "Windows 11", "architecture": "amd64", "version": "10.0"}, "platform": "Java/Oracle Corporation/23.0.2+7-58"} created with settings MongoClientSettings{readPreference=primary, writeConcern=WriteConcern{w=null, wTimeout=null ms, journal=null}, retryWrites=true, retryReads=true, readConcern=ReadConcern{level=null}, credential=null, transportSettings=null, commandListeners=[io.micrometer.core.instrument.binder.mongodb.MongoMetricsCommandListener@b94c22d], codecRegistry=ProvidersCodecRegistry{codecProviders=[ValueCodecProvider{}, BsonValueCodecProvider{}, DBRefCodecProvider{}, DBObjectCodecProvider{}, DocumentCodecProvider{}, CollectionCodecProvider{}, IterableCodecProvider{}, MapCodecProvider{}, GeoJsonCodecProvider{}, GridFSFileCodecProvider{}, Jsr310CodecProvider{}, JsonObjectCodecProvider{}, BsonCodecProvider{}, com.mongodb.client.model.mql.ExpressionCodecProvider@5fb4870b, com.mongodb.Jep395RecordCodecProvider@4e8036bb, com.mongodb.KotlinCodecProvider@7c3b8b26, EnumCodecProvider{}]}, loggerSettings=LoggerSettings{maxDocumentLength=1000}, clusterSettings={hosts=[localhost:27017], srvServiceName=mongodb, mode=SINGLE, requiredClusterType=UNKNOWN, requiredReplicaSetName='null', serverSelector='null', clusterListeners='[]', serverSelectionTimeout='30000 ms', localThreshold='15 ms'}, socketSettings=SocketSettings{connectTimeoutMS=10000, readTimeoutMS=0, receiveBufferSize=0, proxySettings=ProxySettings{host=null, port=null, username=null, password=null}}, heartbeatSocketSettings=SocketSettings{connectTimeoutMS=10000, readTimeoutMS=10000, receiveBufferSize=0, proxySettings=ProxySettings{host=null, port=null, username=null, password=null}}, connectionPoolSettings=ConnectionPoolSettings{maxSize=100, minSize=0, maxWaitTimeMS=120000, maxConnectionLifeTimeMS=0, maxConnectionIdleTimeMS=0, maintenanceInitialDelayMS=0, maintenanceFrequencyMS=60000, connectionPoolListeners=[io.micrometer.core.instrument.binder.mongodb.MongoMetricsConnectionPoolListener@5113ab26], maxConnecting=2}, serverSettings=ServerSettings{heartbeatFrequencyMS=10000, minHeartbeatFrequencyMS=500, serverMonitoringMode=AUTO, serverListeners='[]', serverMonitorListeners='[]'}, sslSettings=SslSettings{enabled=false, invalidHostNameAllowed=false, context=null}, applicationName='null', compressorList=[], uuidRepresentation=UNSPECIFIED, serverApi=null, autoEncryptionSettings=null, dnsClient=null, inetAddressResolver=null, contextProvider=null, timeoutMS=null}
2026-04-16T12:07:31.585+01:00  INFO 4028 --- [User-Service] [localhost:27017] org.mongodb.driver.cluster               : Monitor thread successfully connected to server with description ServerDescription{address=localhost:27017, type=STANDALONE, cryptd=false, state=CONNECTED, ok=true, minWireVersion=0, maxWireVersion=27, maxDocumentSize=16777216, logicalSessionTimeoutMinutes=30, roundTripTimeNanos=37106100, minRoundTripTimeNanos=0}
2026-04-16T12:07:32.837+01:00  INFO 4028 --- [User-Service] [           main] o.s.cloud.commons.util.InetUtils         : Cannot determine local hostname
2026-04-16T12:07:33.968+01:00  WARN 4028 --- [User-Service] [           main] .s.a.UserDetailsServiceAutoConfiguration : 

Using generated security password: 11fc9a27-01cf-4c86-927b-c6c102d52440

This generated password is for development use only. Your security configuration must be updated before running your application in production.

2026-04-16T12:07:33.989+01:00  INFO 4028 --- [User-Service] [           main] r$InitializeUserDetailsManagerConfigurer : Global AuthenticationManager configured with UserDetailsService bean with name inMemoryUserDetailsManager
2026-04-16T12:07:36.232+01:00  INFO 4028 --- [User-Service] [           main] o.s.cloud.commons.util.InetUtils         : Cannot determine local hostname
2026-04-16T12:07:36.260+01:00  INFO 4028 --- [User-Service] [           main] DiscoveryClientOptionalArgsConfiguration : Eureka HTTP Client uses RestClient.
2026-04-16T12:07:36.354+01:00  WARN 4028 --- [User-Service] [           main] iguration$LoadBalancerCaffeineWarnLogger : Spring Cloud LoadBalancer is currently working with the default cache. While this cache implementation is useful for development and tests, it's recommended to use Caffeine cache in production.You can switch to using Caffeine cache, by adding it and org.springframework.cache.caffeine.CaffeineCacheManager to the classpath.
2026-04-16T12:07:36.370+01:00  INFO 4028 --- [User-Service] [           main] o.s.b.a.e.web.EndpointLinksResolver      : Exposing 2 endpoints beneath base path '/actuator'
2026-04-16T12:07:36.462+01:00  INFO 4028 --- [User-Service] [           main] o.s.c.n.eureka.InstanceInfoFactory       : Setting initial instance status as: STARTING
2026-04-16T12:07:36.532+01:00  INFO 4028 --- [User-Service] [           main] com.netflix.discovery.DiscoveryClient    : Initializing Eureka in region us-east-1
2026-04-16T12:07:36.542+01:00  INFO 4028 --- [User-Service] [           main] c.n.d.s.r.aws.ConfigClusterResolver      : Resolving eureka endpoints via configuration
2026-04-16T12:07:36.561+01:00  INFO 4028 --- [User-Service] [           main] com.netflix.discovery.DiscoveryClient    : Disable delta property : false
2026-04-16T12:07:36.562+01:00  INFO 4028 --- [User-Service] [           main] com.netflix.discovery.DiscoveryClient    : Single vip registry refresh property : null
2026-04-16T12:07:36.562+01:00  INFO 4028 --- [User-Service] [           main] com.netflix.discovery.DiscoveryClient    : Force full registry fetch : false
2026-04-16T12:07:36.562+01:00  INFO 4028 --- [User-Service] [           main] com.netflix.discovery.DiscoveryClient    : Application is null : false
2026-04-16T12:07:36.562+01:00  INFO 4028 --- [User-Service] [           main] com.netflix.discovery.DiscoveryClient    : Registered Applications size is zero : true
2026-04-16T12:07:36.562+01:00  INFO 4028 --- [User-Service] [           main] com.netflix.discovery.DiscoveryClient    : Application version is -1: true
2026-04-16T12:07:36.562+01:00  INFO 4028 --- [User-Service] [           main] com.netflix.discovery.DiscoveryClient    : Getting all instance registry info from the eureka server
2026-04-16T12:07:37.047+01:00  INFO 4028 --- [User-Service] [           main] com.netflix.discovery.DiscoveryClient    : The response status is 200
2026-04-16T12:07:37.051+01:00  INFO 4028 --- [User-Service] [           main] com.netflix.discovery.DiscoveryClient    : Starting heartbeat executor: renew interval is: 30
2026-04-16T12:07:37.054+01:00  INFO 4028 --- [User-Service] [           main] c.n.discovery.InstanceInfoReplicator     : InstanceInfoReplicator onDemand update allowed rate per min is 4
2026-04-16T12:07:37.056+01:00  INFO 4028 --- [User-Service] [           main] com.netflix.discovery.DiscoveryClient    : Discovery Client initialized at timestamp 1776337657055 with initial instances count: 2
2026-04-16T12:07:37.064+01:00  INFO 4028 --- [User-Service] [           main] o.s.c.n.e.s.EurekaServiceRegistry        : Registering application USER-SERVICE with eureka with status UP
2026-04-16T12:07:37.065+01:00  INFO 4028 --- [User-Service] [           main] com.netflix.discovery.DiscoveryClient    : Saw local status change event StatusChangeEvent [timestamp=1776337657065, current=UP, previous=STARTING]
2026-04-16T12:07:37.068+01:00  INFO 4028 --- [User-Service] [foReplicator-%d] com.netflix.discovery.DiscoveryClient    : DiscoveryClient_USER-SERVICE/localhost:User-Service:8081: registering service...
2026-04-16T12:07:37.082+01:00  INFO 4028 --- [User-Service] [           main] tn.SoftCare.User.UserApplicationTests    : Started UserApplicationTests in 9.679 seconds (process running for 21.048)
2026-04-16T12:07:37.120+01:00  INFO 4028 --- [User-Service] [foReplicator-%d] com.netflix.discovery.DiscoveryClient    : DiscoveryClient_USER-SERVICE/localhost:User-Service:8081 - registration status: 204
]]></system-out>
  </testcase>
</testsuite>